<?xml version="1.0" encoding="UTF-8"?>
<testng-results skipped="0" failed="0" total="2" passed="2">
  <reporter-output>
  </reporter-output>
  <suite name="Default suite" duration-ms="28067" started-at="2020-05-18T00:22:58Z" finished-at="2020-05-18T00:23:26Z">
    <groups>
    </groups>
    <test name="Default test" duration-ms="28067" started-at="2020-05-18T00:22:58Z" finished-at="2020-05-18T00:23:26Z">
      <class name="com.selenium.testng.OHRMEmpAdd">
        <test-method status="PASS" signature="appLaunch()[pri:0, instance:com.selenium.testng.OHRMEmpAdd@5ca609]" name="appLaunch" is-config="true" duration-ms="5359" started-at="2020-05-17T20:22:53Z" finished-at="2020-05-17T20:22:58Z">
          <reporter-output>
          </reporter-output>
        </test-method> <!-- appLaunch -->
        <test-method status="PASS" signature="appLogin()[pri:0, instance:com.selenium.testng.OHRMEmpAdd@5ca609]" name="appLogin" is-config="true" duration-ms="2647" started-at="2020-05-17T20:22:58Z" finished-at="2020-05-17T20:23:01Z">
          <reporter-output>
          </reporter-output>
        </test-method> <!-- appLogin -->
        <test-method status="PASS" signature="empAdd(java.lang.String, java.lang.String)[pri:0, instance:com.selenium.testng.OHRMEmpAdd@5ca609]" name="empAdd" duration-ms="12762" started-at="2020-05-17T20:23:01Z" data-provider="getData" finished-at="2020-05-17T20:23:13Z">
          <params>
            <param index="0">
              <value>
                <![CDATA[ExtendsA]]>
              </value>
            </param>
            <param index="1">
              <value>
                <![CDATA[ExtendsB]]>
              </value>
            </param>
          </params>
          <reporter-output>
          </reporter-output>
        </test-method> <!-- empAdd -->
        <test-method status="PASS" signature="empAdd(java.lang.String, java.lang.String)[pri:0, instance:com.selenium.testng.OHRMEmpAdd@5ca609]" name="empAdd" duration-ms="12291" started-at="2020-05-17T20:23:13Z" data-provider="getData" finished-at="2020-05-17T20:23:26Z">
          <params>
            <param index="0">
              <value>
                <![CDATA[ExtendsA1]]>
              </value>
            </param>
            <param index="1">
              <value>
                <![CDATA[ExtendsB1]]>
              </value>
            </param>
          </params>
          <reporter-output>
          </reporter-output>
        </test-method> <!-- empAdd -->
        <test-method status="PASS" signature="appLogout()[pri:0, instance:com.selenium.testng.OHRMEmpAdd@5ca609]" name="appLogout" is-config="true" duration-ms="340" started-at="2020-05-17T20:23:26Z" finished-at="2020-05-17T20:23:26Z">
          <reporter-output>
          </reporter-output>
        </test-method> <!-- appLogout -->
        <test-method status="PASS" signature="appClose()[pri:0, instance:com.selenium.testng.OHRMEmpAdd@5ca609]" name="appClose" is-config="true" duration-ms="708" started-at="2020-05-17T20:23:26Z" finished-at="2020-05-17T20:23:27Z">
          <reporter-output>
          </reporter-output>
        </test-method> <!-- appClose -->
      </class> <!-- com.selenium.testng.OHRMEmpAdd -->
    </test> <!-- Default test -->
  </suite> <!-- Default suite -->
</testng-results>
