<?xml version="1.0" encoding="UTF-8"?>
<!-- Generated by org.testng.reporters.JUnitXMLReporter -->
<testsuite hostname="Sahasra-HP" name="smoke" tests="9" failures="0" timestamp="14 May 2020 02:43:14 GMT" time="9.573" errors="0">
  <testcase name="method1" time="0.01" classname="com.selenium.testng.AnnotationTestng"/>
  <testcase name="method2" time="0.01" classname="com.selenium.testng.AnnotationTestng"/>
  <testcase name="Method3" time="0.004" classname="com.selenium.testng.AnnotationsTest1"/>
  <testcase name="Method4" time="0.0" classname="com.selenium.testng.AnnotationsTest1"/>
  <testcase name="appLogin" time="2.28" classname="com.selenium.testng.PBankBeforeAndAfterTest"/>
  <testcase name="appLaunch" time="0.0" classname="com.selenium.testng.MultipleTestNg"/>
  <testcase name="appLogin" time="0.0" classname="com.selenium.testng.MultipleTestNg"/>
  <testcase name="appLogout" time="0.01" classname="com.selenium.testng.MultipleTestNg"/>
  <testcase name="appClose" time="0.0" classname="com.selenium.testng.MultipleTestNg"/>
</testsuite> <!-- smoke -->
